2020-11-08 23:13:34 1 [Warning] Using unique option prefix myisam_recover instead of myisam-recover-options is deprecated and will be removed in a future release. Please use the full name instead.
2020-11-08 23:13:34 1 [Note] Plugin 'FEDERATED' is disabled.
2020-11-08 23:13:34 1 [Warning] option 'innodb-purge-threads': unsigned value 0 adjusted to 1
2020-11-08 23:13:34 1 [Warning] option 'innodb-autoextend-increment': unsigned value 8388608 adjusted to 1000
mysqld: Unknown storage engine 'InnoDB'
2020-11-08 23:13:34 1 [ERROR] Can't open the mysql.plugin table. Please run mysql_upgrade to create it.
2020-11-08 23:13:34 7f17b13cf040 InnoDB: Warning: Using innodb_additional_mem_pool_size is DEPRECATED. This option may be removed in future releases, together with the option innodb_use_sys_malloc and with the InnoDB's internal memory allocator.
2020-11-08 23:13:34 1 [Note] InnoDB: Using atomics to ref count buffer pool pages
2020-11-08 23:13:34 1 [Note] InnoDB: The InnoDB memory heap is disabled
2020-11-08 23:13:34 1 [Note] InnoDB: Mutexes and rw_locks use GCC atomic builtins
2020-11-08 23:13:34 1 [Note] InnoDB: Memory barrier is not used
2020-11-08 23:13:34 1 [Note] InnoDB: Compressed tables use zlib 1.2.11
2020-11-08 23:13:34 1 [Note] InnoDB: Using Linux native AIO
2020-11-08 23:13:34 1 [Note] InnoDB: Using CPU crc32 instructions
2020-11-08 23:13:34 1 [Note] InnoDB: Initializing buffer pool, size = 23.4G
2020-11-08 23:14:42 1 [Warning] Using unique option prefix myisam_recover instead of myisam-recover-options is deprecated and will be removed in a future release. Please use the full name instead.
2020-11-08 23:14:42 1 [Note] Plugin 'FEDERATED' is disabled.
2020-11-08 23:14:42 1 [Warning] option 'innodb-purge-threads': unsigned value 0 adjusted to 1
2020-11-08 23:14:42 1 [Warning] option 'innodb-autoextend-increment': unsigned value 8388608 adjusted to 1000
mysqld: Unknown storage engine 'InnoDB'
2020-11-08 23:14:42 1 [ERROR] Can't open the mysql.plugin table. Please run mysql_upgrade to create it.
2020-11-08 23:14:42 7f95e4476040 InnoDB: Warning: Using innodb_additional_mem_pool_size is DEPRECATED. This option may be removed in future releases, together with the option innodb_use_sys_malloc and with the InnoDB's internal memory allocator.
2020-11-08 23:14:42 1 [Note] InnoDB: Using atomics to ref count buffer pool pages
2020-11-08 23:14:42 1 [Note] InnoDB: The InnoDB memory heap is disabled
2020-11-08 23:14:42 1 [Note] InnoDB: Mutexes and rw_locks use GCC atomic builtins
2020-11-08 23:14:42 1 [Note] InnoDB: Memory barrier is not used
2020-11-08 23:14:42 1 [Note] InnoDB: Compressed tables use zlib 1.2.11
2020-11-08 23:14:42 1 [Note] InnoDB: Using Linux native AIO
2020-11-08 23:14:42 1 [Note] InnoDB: Using CPU crc32 instructions
2020-11-08 23:14:42 1 [Note] InnoDB: Initializing buffer pool, size = 23.4G
2020-11-08 23:15:53 1 [Warning] Using unique option prefix myisam_recover instead of myisam-recover-options is deprecated and will be removed in a future release. Please use the full name instead.
2020-11-08 23:15:53 1 [Note] Plugin 'FEDERATED' is disabled.
2020-11-08 23:15:53 1 [Warning] option 'innodb-purge-threads': unsigned value 0 adjusted to 1
2020-11-08 23:15:53 1 [Warning] option 'innodb-autoextend-increment': unsigned value 8388608 adjusted to 1000
mysqld: Unknown storage engine 'InnoDB'
2020-11-08 23:15:53 1 [ERROR] Can't open the mysql.plugin table. Please run mysql_upgrade to create it.
2020-11-08 23:15:53 7f83496e6040 InnoDB: Warning: Using innodb_additional_mem_pool_size is DEPRECATED. This option may be removed in future releases, together with the option innodb_use_sys_malloc and with the InnoDB's internal memory allocator.
2020-11-08 23:15:53 1 [Note] InnoDB: Using atomics to ref count buffer pool pages
2020-11-08 23:15:53 1 [Note] InnoDB: The InnoDB memory heap is disabled
2020-11-08 23:15:53 1 [Note] InnoDB: Mutexes and rw_locks use GCC atomic builtins
2020-11-08 23:15:53 1 [Note] InnoDB: Memory barrier is not used
2020-11-08 23:15:53 1 [Note] InnoDB: Compressed tables use zlib 1.2.11
2020-11-08 23:15:53 1 [Note] InnoDB: Using Linux native AIO
2020-11-08 23:15:53 1 [Note] InnoDB: Using CPU crc32 instructions
2020-11-08 23:15:53 1 [Note] InnoDB: Initializing buffer pool, size = 23.4G
2020-11-08 23:16:02 1 [Warning] Using unique option prefix myisam_recover instead of myisam-recover-options is deprecated and will be removed in a future release. Please use the full name instead.
2020-11-08 23:16:02 1 [Note] Plugin 'FEDERATED' is disabled.
2020-11-08 23:16:02 1 [Warning] option 'innodb-purge-threads': unsigned value 0 adjusted to 1
2020-11-08 23:16:02 1 [Warning] option 'innodb-autoextend-increment': unsigned value 8388608 adjusted to 1000
mysqld: Unknown storage engine 'InnoDB'
2020-11-08 23:16:02 1 [ERROR] Can't open the mysql.plugin table. Please run mysql_upgrade to create it.
2020-11-08 23:16:02 7f92633ec040 InnoDB: Warning: Using innodb_additional_mem_pool_size is DEPRECATED. This option may be removed in future releases, together with the option innodb_use_sys_malloc and with the InnoDB's internal memory allocator.
2020-11-08 23:16:02 1 [Note] InnoDB: Using atomics to ref count buffer pool pages
2020-11-08 23:16:02 1 [Note] InnoDB: The InnoDB memory heap is disabled
2020-11-08 23:16:02 1 [Note] InnoDB: Mutexes and rw_locks use GCC atomic builtins
2020-11-08 23:16:02 1 [Note] InnoDB: Memory barrier is not used
2020-11-08 23:16:02 1 [Note] InnoDB: Compressed tables use zlib 1.2.11
2020-11-08 23:16:02 1 [Note] InnoDB: Using Linux native AIO
2020-11-08 23:16:02 1 [Note] InnoDB: Using CPU crc32 instructions
2020-11-08 23:16:02 1 [Note] InnoDB: Initializing buffer pool, size = 23.4G
2020-11-08 23:16:11 1 [Warning] Using unique option prefix myisam_recover instead of myisam-recover-options is deprecated and will be removed in a future release. Please use the full name instead.
2020-11-08 23:16:11 1 [Note] Plugin 'FEDERATED' is disabled.
2020-11-08 23:16:11 1 [Warning] option 'innodb-purge-threads': unsigned value 0 adjusted to 1
2020-11-08 23:16:11 1 [Warning] option 'innodb-autoextend-increment': unsigned value 8388608 adjusted to 1000
mysqld: Unknown storage engine 'InnoDB'
2020-11-08 23:16:11 1 [ERROR] Can't open the mysql.plugin table. Please run mysql_upgrade to create it.
2020-11-08 23:16:11 7ff7e2163040 InnoDB: Warning: Using innodb_additional_mem_pool_size is DEPRECATED. This option may be removed in future releases, together with the option innodb_use_sys_malloc and with the InnoDB's internal memory allocator.
2020-11-08 23:16:11 1 [Note] InnoDB: Using atomics to ref count buffer pool pages
2020-11-08 23:16:11 1 [Note] InnoDB: The InnoDB memory heap is disabled
2020-11-08 23:16:11 1 [Note] InnoDB: Mutexes and rw_locks use GCC atomic builtins
2020-11-08 23:16:11 1 [Note] InnoDB: Memory barrier is not used
2020-11-08 23:16:11 1 [Note] InnoDB: Compressed tables use zlib 1.2.11
2020-11-08 23:16:11 1 [Note] InnoDB: Using Linux native AIO
2020-11-08 23:16:11 1 [Note] InnoDB: Using CPU crc32 instructions
2020-11-08 23:16:11 1 [Note] InnoDB: Initializing buffer pool, size = 23.4G
2020-11-08 23:16:19 1 [Warning] Using unique option prefix myisam_recover instead of myisam-recover-options is deprecated and will be removed in a future release. Please use the full name instead.
2020-11-08 23:16:19 1 [Note] Plugin 'FEDERATED' is disabled.
2020-11-08 23:16:19 1 [Warning] option 'innodb-purge-threads': unsigned value 0 adjusted to 1
2020-11-08 23:16:19 1 [Warning] option 'innodb-autoextend-increment': unsigned value 8388608 adjusted to 1000
mysqld: Unknown storage engine 'InnoDB'
2020-11-08 23:16:19 1 [ERROR] Can't open the mysql.plugin table. Please run mysql_upgrade to create it.
2020-11-08 23:16:19 7f3e23be6040 InnoDB: Warning: Using innodb_additional_mem_pool_size is DEPRECATED. This option may be removed in future releases, together with the option innodb_use_sys_malloc and with the InnoDB's internal memory allocator.
2020-11-08 23:16:19 1 [Note] InnoDB: Using atomics to ref count buffer pool pages
2020-11-08 23:16:19 1 [Note] InnoDB: The InnoDB memory heap is disabled
2020-11-08 23:16:19 1 [Note] InnoDB: Mutexes and rw_locks use GCC atomic builtins
2020-11-08 23:16:19 1 [Note] InnoDB: Memory barrier is not used
2020-11-08 23:16:19 1 [Note] InnoDB: Compressed tables use zlib 1.2.11
2020-11-08 23:16:19 1 [Note] InnoDB: Using Linux native AIO
2020-11-08 23:16:19 1 [Note] InnoDB: Using CPU crc32 instructions
2020-11-08 23:16:19 1 [Note] InnoDB: Initializing buffer pool, size = 23.4G
2020-11-08 23:16:28 1 [Warning] Using unique option prefix myisam_recover instead of myisam-recover-options is deprecated and will be removed in a future release. Please use the full name instead.
2020-11-08 23:16:28 1 [Note] Plugin 'FEDERATED' is disabled.
2020-11-08 23:16:28 1 [Warning] option 'innodb-purge-threads': unsigned value 0 adjusted to 1
2020-11-08 23:16:28 1 [Warning] option 'innodb-autoextend-increment': unsigned value 8388608 adjusted to 1000
mysqld: Unknown storage engine 'InnoDB'
2020-11-08 23:16:28 1 [ERROR] Can't open the mysql.plugin table. Please run mysql_upgrade to create it.
2020-11-08 23:16:28 7f87293bb040 InnoDB: Warning: Using innodb_additional_mem_pool_size is DEPRECATED. This option may be removed in future releases, together with the option innodb_use_sys_malloc and with the InnoDB's internal memory allocator.
2020-11-08 23:16:28 1 [Note] InnoDB: Using atomics to ref count buffer pool pages
2020-11-08 23:16:28 1 [Note] InnoDB: The InnoDB memory heap is disabled
2020-11-08 23:16:28 1 [Note] InnoDB: Mutexes and rw_locks use GCC atomic builtins
2020-11-08 23:16:28 1 [Note] InnoDB: Memory barrier is not used
2020-11-08 23:16:28 1 [Note] InnoDB: Compressed tables use zlib 1.2.11
2020-11-08 23:16:28 1 [Note] InnoDB: Using Linux native AIO
2020-11-08 23:16:28 1 [Note] InnoDB: Using CPU crc32 instructions
2020-11-08 23:16:28 1 [Note] InnoDB: Initializing buffer pool, size = 23.4G
2020-11-08 23:16:36 1 [Warning] Using unique option prefix myisam_recover instead of myisam-recover-options is deprecated and will be removed in a future release. Please use the full name instead.
2020-11-08 23:16:36 1 [Note] Plugin 'FEDERATED' is disabled.
2020-11-08 23:16:36 1 [Warning] option 'innodb-purge-threads': unsigned value 0 adjusted to 1
2020-11-08 23:16:36 1 [Warning] option 'innodb-autoextend-increment': unsigned value 8388608 adjusted to 1000
mysqld: Unknown storage engine 'InnoDB'
2020-11-08 23:16:36 1 [ERROR] Can't open the mysql.plugin table. Please run mysql_upgrade to create it.
2020-11-08 23:16:36 7fbef5e50040 InnoDB: Warning: Using innodb_additional_mem_pool_size is DEPRECATED. This option may be removed in future releases, together with the option innodb_use_sys_malloc and with the InnoDB's internal memory allocator.
2020-11-08 23:16:36 1 [Note] InnoDB: Using atomics to ref count buffer pool pages
2020-11-08 23:16:36 1 [Note] InnoDB: The InnoDB memory heap is disabled
2020-11-08 23:16:36 1 [Note] InnoDB: Mutexes and rw_locks use GCC atomic builtins
2020-11-08 23:16:36 1 [Note] InnoDB: Memory barrier is not used
2020-11-08 23:16:36 1 [Note] InnoDB: Compressed tables use zlib 1.2.11
2020-11-08 23:16:36 1 [Note] InnoDB: Using Linux native AIO
2020-11-08 23:16:36 1 [Note] InnoDB: Using CPU crc32 instructions
2020-11-08 23:16:36 1 [Note] InnoDB: Initializing buffer pool, size = 23.4G
2020-11-08 23:16:47 1 [Warning] Using unique option prefix myisam_recover instead of myisam-recover-options is deprecated and will be removed in a future release. Please use the full name instead.
2020-11-08 23:16:47 1 [Note] Plugin 'FEDERATED' is disabled.
2020-11-08 23:16:47 1 [Warning] option 'innodb-purge-threads': unsigned value 0 adjusted to 1
2020-11-08 23:16:47 1 [Warning] option 'innodb-autoextend-increment': unsigned value 8388608 adjusted to 1000
mysqld: Unknown storage engine 'InnoDB'
2020-11-08 23:16:47 1 [ERROR] Can't open the mysql.plugin table. Please run mysql_upgrade to create it.
2020-11-08 23:16:47 7f33ecd92040 InnoDB: Warning: Using innodb_additional_mem_pool_size is DEPRECATED. This option may be removed in future releases, together with the option innodb_use_sys_malloc and with the InnoDB's internal memory allocator.
2020-11-08 23:16:47 1 [Note] InnoDB: Using atomics to ref count buffer pool pages
2020-11-08 23:16:47 1 [Note] InnoDB: The InnoDB memory heap is disabled
2020-11-08 23:16:47 1 [Note] InnoDB: Mutexes and rw_locks use GCC atomic builtins
2020-11-08 23:16:47 1 [Note] InnoDB: Memory barrier is not used
2020-11-08 23:16:47 1 [Note] InnoDB: Compressed tables use zlib 1.2.11
2020-11-08 23:16:47 1 [Note] InnoDB: Using Linux native AIO
2020-11-08 23:16:47 1 [Note] InnoDB: Using CPU crc32 instructions
2020-11-08 23:16:47 1 [Note] InnoDB: Initializing buffer pool, size = 23.4G
2020-11-08 23:17:00 1 [Warning] Using unique option prefix myisam_recover instead of myisam-recover-options is deprecated and will be removed in a future release. Please use the full name instead.
2020-11-08 23:17:00 1 [Note] Plugin 'FEDERATED' is disabled.
2020-11-08 23:17:00 1 [Warning] option 'innodb-purge-threads': unsigned value 0 adjusted to 1
2020-11-08 23:17:00 1 [Warning] option 'innodb-autoextend-increment': unsigned value 8388608 adjusted to 1000
mysqld: Unknown storage engine 'InnoDB'
2020-11-08 23:17:01 1 [ERROR] Can't open the mysql.plugin table. Please run mysql_upgrade to create it.
2020-11-08 23:17:01 7fdcfb0f7040 InnoDB: Warning: Using innodb_additional_mem_pool_size is DEPRECATED. This option may be removed in future releases, together with the option innodb_use_sys_malloc and with the InnoDB's internal memory allocator.
2020-11-08 23:17:01 1 [Note] InnoDB: Using atomics to ref count buffer pool pages
2020-11-08 23:17:01 1 [Note] InnoDB: The InnoDB memory heap is disabled
2020-11-08 23:17:01 1 [Note] InnoDB: Mutexes and rw_locks use GCC atomic builtins
2020-11-08 23:17:01 1 [Note] InnoDB: Memory barrier is not used
2020-11-08 23:17:01 1 [Note] InnoDB: Compressed tables use zlib 1.2.11
2020-11-08 23:17:01 1 [Note] InnoDB: Using Linux native AIO
2020-11-08 23:17:01 1 [Note] InnoDB: Using CPU crc32 instructions
2020-11-08 23:17:01 1 [Note] InnoDB: Initializing buffer pool, size = 23.4G
2020-11-08 23:17:20 1 [Warning] Using unique option prefix myisam_recover instead of myisam-recover-options is deprecated and will be removed in a future release. Please use the full name instead.
2020-11-08 23:17:20 1 [Note] Plugin 'FEDERATED' is disabled.
2020-11-08 23:17:20 1 [Warning] option 'innodb-purge-threads': unsigned value 0 adjusted to 1
2020-11-08 23:17:20 1 [Warning] option 'innodb-autoextend-increment': unsigned value 8388608 adjusted to 1000
mysqld: Unknown storage engine 'InnoDB'
2020-11-08 23:17:20 1 [ERROR] Can't open the mysql.plugin table. Please run mysql_upgrade to create it.
2020-11-08 23:17:20 7f6107d9f040 InnoDB: Warning: Using innodb_additional_mem_pool_size is DEPRECATED. This option may be removed in future releases, together with the option innodb_use_sys_malloc and with the InnoDB's internal memory allocator.
2020-11-08 23:17:20 1 [Note] InnoDB: Using atomics to ref count buffer pool pages
2020-11-08 23:17:20 1 [Note] InnoDB: The InnoDB memory heap is disabled
2020-11-08 23:17:20 1 [Note] InnoDB: Mutexes and rw_locks use GCC atomic builtins
2020-11-08 23:17:20 1 [Note] InnoDB: Memory barrier is not used
2020-11-08 23:17:20 1 [Note] InnoDB: Compressed tables use zlib 1.2.11
2020-11-08 23:17:20 1 [Note] InnoDB: Using Linux native AIO
2020-11-08 23:17:20 1 [Note] InnoDB: Using CPU crc32 instructions
2020-11-08 23:17:20 1 [Note] InnoDB: Initializing buffer pool, size = 23.4G
2020-11-08 23:17:53 1 [Warning] Using unique option prefix myisam_recover instead of myisam-recover-options is deprecated and will be removed in a future release. Please use the full name instead.
2020-11-08 23:17:53 1 [Note] Plugin 'FEDERATED' is disabled.
2020-11-08 23:17:53 1 [Warning] option 'innodb-purge-threads': unsigned value 0 adjusted to 1
2020-11-08 23:17:53 1 [Warning] option 'innodb-autoextend-increment': unsigned value 8388608 adjusted to 1000
mysqld: Unknown storage engine 'InnoDB'
2020-11-08 23:17:53 1 [ERROR] Can't open the mysql.plugin table. Please run mysql_upgrade to create it.
2020-11-08 23:17:53 7f247e86e040 InnoDB: Warning: Using innodb_additional_mem_pool_size is DEPRECATED. This option may be removed in future releases, together with the option innodb_use_sys_malloc and with the InnoDB's internal memory allocator.
2020-11-08 23:17:53 1 [Note] InnoDB: Using atomics to ref count buffer pool pages
2020-11-08 23:17:53 1 [Note] InnoDB: The InnoDB memory heap is disabled
2020-11-08 23:17:53 1 [Note] InnoDB: Mutexes and rw_locks use GCC atomic builtins
2020-11-08 23:17:53 1 [Note] InnoDB: Memory barrier is not used
2020-11-08 23:17:53 1 [Note] InnoDB: Compressed tables use zlib 1.2.11
2020-11-08 23:17:53 1 [Note] InnoDB: Using Linux native AIO
2020-11-08 23:17:53 1 [Note] InnoDB: Using CPU crc32 instructions
2020-11-08 23:17:53 1 [Note] InnoDB: Initializing buffer pool, size = 23.4G
